<?xml version="1.0" encoding="UTF-8"?>
<!-- Generated by org.testng.reporters.JUnitReportReporter -->
<testsuite hostname="no-Latitude-3420" failures="0" tests="1" name="COM.MGS.AppTest" time="1.321" errors="0" timestamp="2023-12-28T00:56:41 IST" skipped="0">
  <testcase classname="COM.MGS.AppTest" name="run" time="1.321"/>
</testsuite> <!-- COM.MGS.AppTest -->
